2025-05-08 02:10:24,563 - INFO - Scrapy 2.12.0 started (bot: scrapybot)
2025-05-08 02:10:24,655 - INFO - Versions: lxml 5.4.0.0, libxml2 2.11.9, cssselect 1.3.0, parsel 1.10.0, w3lib 2.3.1, Twisted 24.11.0, Python 3.13.1 (tags/v3.13.1:0671451, Dec  3 2024, 19:06:28) [MSC v.1942 64 bit (AMD64)], pyOpenSSL 25.0.0 (OpenSSL 3.4.1 11 Feb 2025), cryptography 44.0.2, Platform Windows-11-10.0.26100-SP0
2025-05-08 02:10:24,657 - INFO - Enabled addons:
[]
2025-05-08 02:10:24,668 - DEBUG - Using reactor: twisted.internet.selectreactor.SelectReactor
2025-05-08 02:10:24,673 - INFO - Telnet Password: 6428eda46f78f3d2
2025-05-08 02:10:24,732 - INFO - Enabled extensions:
['scrapy.extensions.corestats.CoreStats',
 'scrapy.extensions.telnet.TelnetConsole',
 'scrapy.extensions.logstats.LogStats']
2025-05-08 02:10:24,735 - INFO - Overridden settings:
{'DOWNLOAD_DELAY': 2,
 'DOWNLOAD_TIMEOUT': 30,
 'RETRY_TIMES': 3,
 'USER_AGENT': 'Mozilla/5.0 (Windows NT 10.0; Win64; x64) AppleWebKit/537.36 '
               '(KHTML, like Gecko) Chrome/120.0.0.0 Safari/537.36'}
2025-05-08 02:10:25,266 - INFO - Enabled downloader middlewares:
['scrapy.downloadermiddlewares.offsite.OffsiteMiddleware',
 'scrapy.downloadermiddlewares.httpauth.HttpAuthMiddleware',
 'scrapy.downloadermiddlewares.downloadtimeout.DownloadTimeoutMiddleware',
 'scrapy.downloadermiddlewares.defaultheaders.DefaultHeadersMiddleware',
 'scrapy.downloadermiddlewares.useragent.UserAgentMiddleware',
 'scrapy.downloadermiddlewares.retry.RetryMiddleware',
 'scrapy.downloadermiddlewares.redirect.MetaRefreshMiddleware',
 'scrapy.downloadermiddlewares.httpcompression.HttpCompressionMiddleware',
 'scrapy.downloadermiddlewares.redirect.RedirectMiddleware',
 'scrapy.downloadermiddlewares.cookies.CookiesMiddleware',
 'scrapy.downloadermiddlewares.httpproxy.HttpProxyMiddleware',
 'scrapy.downloadermiddlewares.stats.DownloaderStats']
2025-05-08 02:10:25,274 - INFO - Enabled spider middlewares:
['scrapy.spidermiddlewares.httperror.HttpErrorMiddleware',
 'scrapy.spidermiddlewares.referer.RefererMiddleware',
 'scrapy.spidermiddlewares.urllength.UrlLengthMiddleware',
 'scrapy.spidermiddlewares.depth.DepthMiddleware']
2025-05-08 02:10:25,275 - INFO - Enabled item pipelines:
[]
2025-05-08 02:10:25,275 - INFO - Spider opened
2025-05-08 02:10:25,292 - INFO - Crawled 0 pages (at 0 pages/min), scraped 0 items (at 0 items/min)
2025-05-08 02:10:25,296 - INFO - Telnet console listening on 127.0.0.1:6023
2025-05-08 02:10:25,627 - DEBUG - Redirecting (302) to <GET https://www.abs.gov.au/> from <GET https://www.abs.gov.au/ausstats/abs@.nsf/Latestproducts/1220.0Search12013,%20Version%201.3>
2025-05-08 02:10:25,644 - DEBUG - Crawled (200) <GET https://immi.homeaffairs.gov.au/visas/working-in-australia/skill-occupation-list> (referer: None)
2025-05-08 02:10:25,750 - INFO - Processing https://immi.homeaffairs.gov.au/visas/working-in-australia/skill-occupation-list
2025-05-08 02:10:25,750 - INFO - Processing https://immi.homeaffairs.gov.au/visas/working-in-australia/skill-occupation-list
2025-05-08 02:10:25,799 - DEBUG - Crawled (404) <GET https://www.education.gov.au/skills-and-training/publications/skills-priority-list-2023> (referer: None)
2025-05-08 02:10:25,855 - DEBUG - Crawled (404) <GET https://www.jobsandskills.gov.au/data/occupations> (referer: None)
2025-05-08 02:10:25,908 - ERROR - Failed to fetch https://www.education.gov.au/skills-and-training/publications/skills-priority-list-2023: Ignoring non-200 response
2025-05-08 02:10:25,909 - ERROR - Failed to fetch https://www.education.gov.au/skills-and-training/publications/skills-priority-list-2023: Ignoring non-200 response
2025-05-08 02:10:25,970 - ERROR - Failed to fetch https://www.jobsandskills.gov.au/data/occupations: Ignoring non-200 response
2025-05-08 02:10:25,971 - ERROR - Failed to fetch https://www.jobsandskills.gov.au/data/occupations: Ignoring non-200 response
2025-05-08 02:10:27,634 - DEBUG - Crawled (200) <GET https://www.abs.gov.au/> (referer: None)
2025-05-08 02:10:27,742 - INFO - Processing https://www.abs.gov.au/ausstats/abs@.nsf/Latestproducts/1220.0Search12013,%20Version%201.3
2025-05-08 02:10:27,743 - INFO - Processing https://www.abs.gov.au/ausstats/abs@.nsf/Latestproducts/1220.0Search12013,%20Version%201.3
2025-05-08 02:10:27,748 - INFO - Closing spider (finished)
2025-05-08 02:10:27,749 - INFO - Dumping Scrapy stats:
{'downloader/request_bytes': 2729,
 'downloader/request_count': 5,
 'downloader/request_method_count/GET': 5,
 'downloader/response_bytes': 390613,
 'downloader/response_count': 5,
 'downloader/response_status_count/200': 2,
 'downloader/response_status_count/302': 1,
 'downloader/response_status_count/404': 2,
 'elapsed_time_seconds': 2.457196,
 'finish_reason': 'finished',
 'finish_time': datetime.datetime(2025, 5, 7, 16, 10, 27, 749542, tzinfo=datetime.timezone.utc),
 'httpcompression/response_bytes': 3403959,
 'httpcompression/response_count': 2,
 'items_per_minute': None,
 'log_count/DEBUG': 6,
 'log_count/ERROR': 4,
 'log_count/INFO': 14,
 'response_received_count': 4,
 'responses_per_minute': None,
 'scheduler/dequeued': 5,
 'scheduler/dequeued/memory': 5,
 'scheduler/enqueued': 5,
 'scheduler/enqueued/memory': 5,
 'start_time': datetime.datetime(2025, 5, 7, 16, 10, 25, 292346, tzinfo=datetime.timezone.utc)}
2025-05-08 02:10:27,750 - INFO - Spider closed (finished)
2025-05-08 02:10:57,920 - INFO - Scrapy 2.12.0 started (bot: scrapybot)
2025-05-08 02:10:58,005 - INFO - Versions: lxml 5.4.0.0, libxml2 2.11.9, cssselect 1.3.0, parsel 1.10.0, w3lib 2.3.1, Twisted 24.11.0, Python 3.13.1 (tags/v3.13.1:0671451, Dec  3 2024, 19:06:28) [MSC v.1942 64 bit (AMD64)], pyOpenSSL 25.0.0 (OpenSSL 3.4.1 11 Feb 2025), cryptography 44.0.2, Platform Windows-11-10.0.26100-SP0
2025-05-08 02:10:58,007 - INFO - Enabled addons:
[]
2025-05-08 02:10:58,012 - DEBUG - Using reactor: twisted.internet.selectreactor.SelectReactor
2025-05-08 02:10:58,017 - INFO - Telnet Password: 1d00c26beab6076f
2025-05-08 02:10:58,075 - INFO - Enabled extensions:
['scrapy.extensions.corestats.CoreStats',
 'scrapy.extensions.telnet.TelnetConsole',
 'scrapy.extensions.logstats.LogStats']
2025-05-08 02:10:58,076 - INFO - Overridden settings:
{'DOWNLOAD_DELAY': 2,
 'DOWNLOAD_TIMEOUT': 30,
 'RETRY_TIMES': 3,
 'USER_AGENT': 'Mozilla/5.0 (Windows NT 10.0; Win64; x64) AppleWebKit/537.36 '
               '(KHTML, like Gecko) Chrome/120.0.0.0 Safari/537.36'}
2025-05-08 02:10:58,561 - INFO - Enabled downloader middlewares:
['scrapy.downloadermiddlewares.offsite.OffsiteMiddleware',
 'scrapy.downloadermiddlewares.httpauth.HttpAuthMiddleware',
 'scrapy.downloadermiddlewares.downloadtimeout.DownloadTimeoutMiddleware',
 'scrapy.downloadermiddlewares.defaultheaders.DefaultHeadersMiddleware',
 'scrapy.downloadermiddlewares.useragent.UserAgentMiddleware',
 'scrapy.downloadermiddlewares.retry.RetryMiddleware',
 'scrapy.downloadermiddlewares.redirect.MetaRefreshMiddleware',
 'scrapy.downloadermiddlewares.httpcompression.HttpCompressionMiddleware',
 'scrapy.downloadermiddlewares.redirect.RedirectMiddleware',
 'scrapy.downloadermiddlewares.cookies.CookiesMiddleware',
 'scrapy.downloadermiddlewares.httpproxy.HttpProxyMiddleware',
 'scrapy.downloadermiddlewares.stats.DownloaderStats']
2025-05-08 02:10:58,565 - INFO - Enabled spider middlewares:
['scrapy.spidermiddlewares.httperror.HttpErrorMiddleware',
 'scrapy.spidermiddlewares.referer.RefererMiddleware',
 'scrapy.spidermiddlewares.urllength.UrlLengthMiddleware',
 'scrapy.spidermiddlewares.depth.DepthMiddleware']
2025-05-08 02:10:58,566 - INFO - Enabled item pipelines:
[]
2025-05-08 02:10:58,567 - INFO - Spider opened
2025-05-08 02:10:58,579 - INFO - Crawled 0 pages (at 0 pages/min), scraped 0 items (at 0 items/min)
2025-05-08 02:10:58,580 - INFO - Telnet console listening on 127.0.0.1:6023
2025-05-08 02:10:58,872 - DEBUG - Crawled (200) <GET https://immi.homeaffairs.gov.au/visas/working-in-australia/skill-occupation-list> (referer: None)
2025-05-08 02:10:58,988 - INFO - Processing https://immi.homeaffairs.gov.au/visas/working-in-australia/skill-occupation-list
2025-05-08 02:10:58,989 - INFO - Processing https://immi.homeaffairs.gov.au/visas/working-in-australia/skill-occupation-list
2025-05-08 02:10:59,037 - WARNING - No occupations found
2025-05-08 02:10:59,037 - WARNING - No occupations found
2025-05-08 02:10:59,038 - INFO - Closing spider (finished)
2025-05-08 02:10:59,040 - INFO - Dumping Scrapy stats:
{'downloader/request_bytes': 560,
 'downloader/request_count': 1,
 'downloader/request_method_count/GET': 1,
 'downloader/response_bytes': 226122,
 'downloader/response_count': 1,
 'downloader/response_status_count/200': 1,
 'elapsed_time_seconds': 0.460224,
 'finish_reason': 'finished',
 'finish_time': datetime.datetime(2025, 5, 7, 16, 10, 59, 39760, tzinfo=datetime.timezone.utc),
 'httpcompression/response_bytes': 3299950,
 'httpcompression/response_count': 1,
 'items_per_minute': None,
 'log_count/DEBUG': 2,
 'log_count/INFO': 12,
 'log_count/WARNING': 2,
 'response_received_count': 1,
 'responses_per_minute': None,
 'scheduler/dequeued': 1,
 'scheduler/dequeued/memory': 1,
 'scheduler/enqueued': 1,
 'scheduler/enqueued/memory': 1,
 'start_time': datetime.datetime(2025, 5, 7, 16, 10, 58, 579536, tzinfo=datetime.timezone.utc)}
2025-05-08 02:10:59,040 - INFO - Spider closed (finished)
2025-05-08 02:12:23,635 - INFO - Scrapy 2.12.0 started (bot: scrapybot)
2025-05-08 02:12:23,723 - INFO - Versions: lxml 5.4.0.0, libxml2 2.11.9, cssselect 1.3.0, parsel 1.10.0, w3lib 2.3.1, Twisted 24.11.0, Python 3.13.1 (tags/v3.13.1:0671451, Dec  3 2024, 19:06:28) [MSC v.1942 64 bit (AMD64)], pyOpenSSL 25.0.0 (OpenSSL 3.4.1 11 Feb 2025), cryptography 44.0.2, Platform Windows-11-10.0.26100-SP0
2025-05-08 02:12:23,725 - INFO - Enabled addons:
[]
2025-05-08 02:12:23,730 - DEBUG - Using reactor: twisted.internet.selectreactor.SelectReactor
2025-05-08 02:12:23,736 - INFO - Telnet Password: 6715c21fa24cb4b2
2025-05-08 02:12:23,794 - INFO - Enabled extensions:
['scrapy.extensions.corestats.CoreStats',
 'scrapy.extensions.telnet.TelnetConsole',
 'scrapy.extensions.logstats.LogStats']
2025-05-08 02:12:23,795 - INFO - Overridden settings:
{'DOWNLOAD_DELAY': 2,
 'DOWNLOAD_TIMEOUT': 30,
 'RETRY_TIMES': 3,
 'USER_AGENT': 'Mozilla/5.0 (Windows NT 10.0; Win64; x64) AppleWebKit/537.36 '
               '(KHTML, like Gecko) Chrome/120.0.0.0 Safari/537.36'}
2025-05-08 02:12:24,368 - INFO - Enabled downloader middlewares:
['scrapy.downloadermiddlewares.offsite.OffsiteMiddleware',
 'scrapy.downloadermiddlewares.httpauth.HttpAuthMiddleware',
 'scrapy.downloadermiddlewares.downloadtimeout.DownloadTimeoutMiddleware',
 'scrapy.downloadermiddlewares.defaultheaders.DefaultHeadersMiddleware',
 'scrapy.downloadermiddlewares.useragent.UserAgentMiddleware',
 'scrapy.downloadermiddlewares.retry.RetryMiddleware',
 'scrapy.downloadermiddlewares.redirect.MetaRefreshMiddleware',
 'scrapy.downloadermiddlewares.httpcompression.HttpCompressionMiddleware',
 'scrapy.downloadermiddlewares.redirect.RedirectMiddleware',
 'scrapy.downloadermiddlewares.cookies.CookiesMiddleware',
 'scrapy.downloadermiddlewares.httpproxy.HttpProxyMiddleware',
 'scrapy.downloadermiddlewares.stats.DownloaderStats']
2025-05-08 02:12:24,373 - INFO - Enabled spider middlewares:
['scrapy.spidermiddlewares.httperror.HttpErrorMiddleware',
 'scrapy.spidermiddlewares.referer.RefererMiddleware',
 'scrapy.spidermiddlewares.urllength.UrlLengthMiddleware',
 'scrapy.spidermiddlewares.depth.DepthMiddleware']
2025-05-08 02:12:24,374 - INFO - Enabled item pipelines:
[]
2025-05-08 02:12:24,374 - INFO - Spider opened
2025-05-08 02:12:24,389 - INFO - Crawled 0 pages (at 0 pages/min), scraped 0 items (at 0 items/min)
2025-05-08 02:12:24,390 - INFO - Telnet console listening on 127.0.0.1:6023
2025-05-08 02:12:24,675 - DEBUG - Crawled (200) <GET https://immi.homeaffairs.gov.au/visas/working-in-australia/skill-occupation-list> (referer: None)
2025-05-08 02:12:24,788 - INFO - Processing https://immi.homeaffairs.gov.au/visas/working-in-australia/skill-occupation-list
2025-05-08 02:12:24,789 - INFO - Processing https://immi.homeaffairs.gov.au/visas/working-in-australia/skill-occupation-list
2025-05-08 02:12:25,190 - WARNING - No occupations found in https://immi.homeaffairs.gov.au/visas/working-in-australia/skill-occupation-list
2025-05-08 02:12:25,191 - WARNING - No occupations found in https://immi.homeaffairs.gov.au/visas/working-in-australia/skill-occupation-list
2025-05-08 02:12:25,194 - DEBUG - Crawled (404) <GET https://www.abs.gov.au/statistics/classifications/anzsco-australian-and-new-zealand-standard-classification-occupations/2022/concordance-tables/concordance-tables> (referer: None)
2025-05-08 02:12:25,302 - ERROR - Failed to fetch https://www.abs.gov.au/statistics/classifications/anzsco-australian-and-new-zealand-standard-classification-occupations/2022/concordance-tables/concordance-tables: Ignoring non-200 response
2025-05-08 02:12:25,303 - ERROR - Failed to fetch https://www.abs.gov.au/statistics/classifications/anzsco-australian-and-new-zealand-standard-classification-occupations/2022/concordance-tables/concordance-tables: Ignoring non-200 response
2025-05-08 02:12:26,563 - DEBUG - Crawled (404) <GET https://www.abs.gov.au/statistics/classifications/anzsco-australian-and-new-zealand-standard-classification-occupations/2022/concordance-tables/anzsco-2022-structure> (referer: None)
2025-05-08 02:12:26,673 - ERROR - Failed to fetch https://www.abs.gov.au/statistics/classifications/anzsco-australian-and-new-zealand-standard-classification-occupations/2022/concordance-tables/anzsco-2022-structure: Ignoring non-200 response
2025-05-08 02:12:26,674 - ERROR - Failed to fetch https://www.abs.gov.au/statistics/classifications/anzsco-australian-and-new-zealand-standard-classification-occupations/2022/concordance-tables/anzsco-2022-structure: Ignoring non-200 response
2025-05-08 02:12:26,675 - INFO - Closing spider (finished)
2025-05-08 02:12:26,676 - INFO - Dumping Scrapy stats:
{'downloader/request_bytes': 1847,
 'downloader/request_count': 3,
 'downloader/request_method_count/GET': 3,
 'downloader/response_bytes': 270373,
 'downloader/response_count': 3,
 'downloader/response_status_count/200': 1,
 'downloader/response_status_count/404': 2,
 'elapsed_time_seconds': 2.286894,
 'finish_reason': 'finished',
 'finish_time': datetime.datetime(2025, 5, 7, 16, 12, 26, 676080, tzinfo=datetime.timezone.utc),
 'httpcompression/response_bytes': 3432750,
 'httpcompression/response_count': 3,
 'items_per_minute': None,
 'log_count/DEBUG': 4,
 'log_count/ERROR': 4,
 'log_count/INFO': 12,
 'log_count/WARNING': 2,
 'response_received_count': 3,
 'responses_per_minute': None,
 'scheduler/dequeued': 3,
 'scheduler/dequeued/memory': 3,
 'scheduler/enqueued': 3,
 'scheduler/enqueued/memory': 3,
 'start_time': datetime.datetime(2025, 5, 7, 16, 12, 24, 389186, tzinfo=datetime.timezone.utc)}
2025-05-08 02:12:26,676 - INFO - Spider closed (finished)
2025-05-08 02:14:53,129 - INFO - ====== WebDriver manager ======
2025-05-08 02:14:56,127 - INFO - Get LATEST chromedriver version for google-chrome
2025-05-08 02:14:56,438 - INFO - Get LATEST chromedriver version for google-chrome
2025-05-08 02:14:56,549 - INFO - There is no [win64] chromedriver "136.0.7103.92" for browser google-chrome "136.0.7103" in cache
2025-05-08 02:14:56,549 - INFO - Get LATEST chromedriver version for google-chrome
2025-05-08 02:14:57,091 - INFO - WebDriver version 136.0.7103.92 selected
2025-05-08 02:14:57,095 - INFO - Modern chrome version https://storage.googleapis.com/chrome-for-testing-public/136.0.7103.92/win32/chromedriver-win32.zip
2025-05-08 02:14:57,095 - INFO - About to download new driver from https://storage.googleapis.com/chrome-for-testing-public/136.0.7103.92/win32/chromedriver-win32.zip
2025-05-08 02:14:57,359 - INFO - Driver downloading response is 200
2025-05-08 02:14:58,004 - INFO - Get LATEST chromedriver version for google-chrome
2025-05-08 02:14:59,246 - INFO - Driver has been saved in cache [C:\Users\Lenovo\.wdm\drivers\chromedriver\win64\136.0.7103.92]
2025-05-08 02:14:59,279 - ERROR - Error running scraper: [WinError 193] %1 is not a valid Win32 application
2025-05-08 02:16:28,662 - INFO - Downloading chromedriver (136.0.7103.92)...
2025-05-08 02:16:41,785 - INFO - Starting to scrape immi from https://immi.homeaffairs.gov.au/visas/working-in-australia/skill-occupation-list
2025-05-08 02:16:41,785 - INFO - Accessing https://immi.homeaffairs.gov.au/visas/working-in-australia/skill-occupation-list
2025-05-08 02:16:52,593 - ERROR - Timeout waiting for table to load
2025-05-08 02:16:52,593 - WARNING - No occupations found for immi
2025-05-08 02:16:52,593 - INFO - Starting to scrape abs from https://www.abs.gov.au/statistics/classifications/anzsco-australian-and-new-zealand-standard-classification-occupations/2022/concordance-tables/anzsco-2022-structure
2025-05-08 02:16:52,593 - INFO - Accessing https://www.abs.gov.au/statistics/classifications/anzsco-australian-and-new-zealand-standard-classification-occupations/2022/concordance-tables/anzsco-2022-structure
2025-05-08 02:17:05,601 - ERROR - Timeout waiting for table to load
2025-05-08 02:17:05,601 - WARNING - No occupations found for abs
2025-05-08 02:17:05,601 - INFO - Starting to scrape abs_concordance from https://www.abs.gov.au/statistics/classifications/anzsco-australian-and-new-zealand-standard-classification-occupations/2022/concordance-tables/concordance-tables
2025-05-08 02:17:05,601 - INFO - Accessing https://www.abs.gov.au/statistics/classifications/anzsco-australian-and-new-zealand-standard-classification-occupations/2022/concordance-tables/concordance-tables
2025-05-08 02:17:16,249 - ERROR - Timeout waiting for table to load
2025-05-08 02:17:16,250 - WARNING - No occupations found for abs_concordance
2025-05-08 02:18:51,402 - INFO - Starting to scrape immi from https://immi.homeaffairs.gov.au/visas/working-in-australia/skill-occupation-list
2025-05-08 02:18:51,499 - INFO - Accessing https://immi.homeaffairs.gov.au/visas/working-in-australia/skill-occupation-list
2025-05-08 02:19:24,859 - ERROR - Error scraping IMMI website: Page.wait_for_selector: Timeout 30000ms exceeded.
Call log:
  - waiting for locator("table.table") to be visible

2025-05-08 02:19:24,859 - WARNING - No occupations found for immi
2025-05-08 02:19:24,859 - INFO - Starting to scrape abs from https://www.abs.gov.au/statistics/classifications/anzsco-australian-and-new-zealand-standard-classification-occupations/2022/concordance-tables/anzsco-2022-structure
2025-05-08 02:19:24,859 - INFO - Accessing https://www.abs.gov.au/statistics/classifications/anzsco-australian-and-new-zealand-standard-classification-occupations/2022/concordance-tables/anzsco-2022-structure
2025-05-08 02:19:57,237 - ERROR - Error scraping ABS website: Page.wait_for_selector: Timeout 30000ms exceeded.
Call log:
  - waiting for locator("table") to be visible

2025-05-08 02:19:57,237 - WARNING - No occupations found for abs
2025-05-08 02:19:57,237 - INFO - Starting to scrape abs_concordance from https://www.abs.gov.au/statistics/classifications/anzsco-australian-and-new-zealand-standard-classification-occupations/2022/concordance-tables/concordance-tables
2025-05-08 02:19:57,237 - INFO - Accessing https://www.abs.gov.au/statistics/classifications/anzsco-australian-and-new-zealand-standard-classification-occupations/2022/concordance-tables/concordance-tables
2025-05-08 02:20:27,508 - ERROR - Error scraping ABS website: Page.wait_for_selector: Timeout 30000ms exceeded.
Call log:
  - waiting for locator("table") to be visible

2025-05-08 02:20:27,508 - WARNING - No occupations found for abs_concordance
2025-05-08 02:22:41,259 - INFO - Starting to scrape immi from https://immi.homeaffairs.gov.au/visas/working-in-australia/skill-occupation-list
2025-05-08 02:22:41,259 - INFO - Accessing https://immi.homeaffairs.gov.au/visas/working-in-australia/skill-occupation-list
2025-05-08 02:23:11,465 - ERROR - Error scraping IMMI website: Page.wait_for_selector: Timeout 30000ms exceeded.
Call log:
  - waiting for locator("table.table") to be visible

2025-05-08 02:23:11,465 - WARNING - No occupations found for immi
2025-05-08 02:23:11,566 - INFO - Starting to scrape abs from https://www.abs.gov.au/statistics/classifications/anzsco-australian-and-new-zealand-standard-classification-occupations/2022/concordance-tables/anzsco-2022-structure
2025-05-08 02:23:11,566 - INFO - Accessing https://www.abs.gov.au/statistics/classifications/anzsco-australian-and-new-zealand-standard-classification-occupations/2022/concordance-tables/anzsco-2022-structure
2025-05-08 02:23:44,145 - ERROR - Error scraping ABS website: Page.wait_for_selector: Timeout 30000ms exceeded.
Call log:
  - waiting for locator("table") to be visible

2025-05-08 02:23:44,145 - WARNING - No occupations found for abs
2025-05-08 02:23:44,145 - INFO - Starting to scrape abs_concordance from https://www.abs.gov.au/statistics/classifications/anzsco-australian-and-new-zealand-standard-classification-occupations/2022/concordance-tables/concordance-tables
2025-05-08 02:23:44,145 - INFO - Accessing https://www.abs.gov.au/statistics/classifications/anzsco-australian-and-new-zealand-standard-classification-occupations/2022/concordance-tables/concordance-tables
2025-05-08 02:24:14,378 - ERROR - Error scraping ABS website: Page.wait_for_selector: Timeout 30000ms exceeded.
Call log:
  - waiting for locator("table") to be visible

2025-05-08 02:24:14,378 - WARNING - No occupations found for abs_concordance
