2025-05-08 01:14:53,444 - INFO - Starting course scraping process
2025-05-08 01:14:53,444 - INFO - courses.json already exists
2025-05-08 01:14:53,470 - INFO - Processing 256 courses...
2025-05-08 01:14:53,471 - INFO - Processing course 1/256: AB05 - Bachelor of Architectural Design
2025-05-08 01:15:05,411 - INFO - Script ECI.py completed successfully with args: ('AB05', 'Bachelor of Architectural Design')
2025-05-08 01:15:05,411 - INFO - Processing course 2/256: BS05 - Bachelor of Business
2025-05-08 01:15:10,093 - INFO - Script ECI.py completed successfully with args: ('BS05', 'Bachelor of Business')
2025-05-08 01:15:10,094 - INFO - Processing course 3/256: BS06 - Bachelor of Business
2025-05-08 01:15:14,138 - INFO - Script ECI.py completed successfully with args: ('BS06', 'Bachelor of Business')
2025-05-08 01:15:14,139 - INFO - Processing course 4/256: BS08 - Bachelor of Business - International
2025-05-08 01:15:20,290 - INFO - Script ECI.py completed successfully with args: ('BS08', 'Bachelor of Business - International')
2025-05-08 01:15:20,290 - INFO - Processing course 5/256: BZ05 - Bachelor of Business
2025-05-08 01:15:24,002 - INFO - Script ECI.py completed successfully with args: ('BZ05', 'Bachelor of Business')
2025-05-08 01:15:24,003 - INFO - Processing course 6/256: CA01 - Bachelor of Creative Arts
2025-05-08 01:15:28,474 - INFO - Script ECI.py completed successfully with args: ('CA01', 'Bachelor of Creative Arts')
2025-05-08 01:15:28,474 - INFO - Processing course 7/256: CA02 - Bachelor of Creative Arts (Acting)
2025-05-08 01:15:33,403 - INFO - Script ECI.py completed successfully with args: ('CA02', 'Bachelor of Creative Arts (Acting)')
2025-05-08 01:15:33,403 - INFO - Processing course 8/256: CS43 - Bachelor of Paramedic Science
2025-05-08 01:15:37,999 - INFO - Script ECI.py completed successfully with args: ('CS43', 'Bachelor of Paramedic Science')
2025-05-08 01:15:37,999 - INFO - Processing course 9/256: CS44 - Bachelor of Podiatry
2025-05-08 01:15:42,899 - INFO - Script ECI.py completed successfully with args: ('CS44', 'Bachelor of Podiatry')
2025-05-08 01:15:42,899 - INFO - Processing course 10/256: CS49 - Bachelor of Radiation Therapy
2025-05-08 01:15:47,100 - INFO - Script ECI.py completed successfully with args: ('CS49', 'Bachelor of Radiation Therapy')
2025-05-08 01:15:47,101 - INFO - Processing course 11/256: DE43 - Bachelor of Design
2025-05-08 01:15:51,607 - INFO - Script ECI.py completed successfully with args: ('DE43', 'Bachelor of Design')
2025-05-08 01:15:51,607 - INFO - Processing course 12/256: DE44 - Bachelor of Design Studies
2025-05-08 01:15:54,551 - INFO - Script ECI.py completed successfully with args: ('DE44', 'Bachelor of Design Studies')
2025-05-08 01:15:54,551 - INFO - Processing course 13/256: DE45 - Bachelor of Design - International
2025-05-08 01:15:58,561 - INFO - Script ECI.py completed successfully with args: ('DE45', 'Bachelor of Design - International')
2025-05-08 01:15:58,561 - INFO - Processing course 14/256: DS01 - Bachelor of Data Science
2025-05-08 01:16:03,156 - INFO - Script ECI.py completed successfully with args: ('DS01', 'Bachelor of Data Science')
2025-05-08 01:16:03,156 - INFO - Processing course 15/256: ED29 - Bachelor of Educational Studies
2025-05-08 01:16:05,819 - INFO - Script ECI.py completed successfully with args: ('ED29', 'Bachelor of Educational Studies')
2025-05-08 01:16:05,819 - INFO - Processing course 16/256: ED34 - Bachelor of Early Childhood Education (Birth to Five)
2025-05-08 01:16:10,602 - INFO - Script ECI.py completed successfully with args: ('ED34', 'Bachelor of Early Childhood Education (Birth to Five)')
2025-05-08 01:16:10,602 - INFO - Processing course 17/256: ED39 - Bachelor of Education (Early Childhood)
2025-05-08 01:16:15,091 - INFO - Script ECI.py completed successfully with args: ('ED39', 'Bachelor of Education (Early Childhood)')
2025-05-08 01:16:15,091 - INFO - Processing course 18/256: ED49 - Bachelor of Education (Primary)
2025-05-08 01:16:19,425 - INFO - Script ECI.py completed successfully with args: ('ED49', 'Bachelor of Education (Primary)')
2025-05-08 01:16:19,425 - INFO - Processing course 19/256: ED59 - Bachelor of Education (Secondary)
2025-05-08 01:16:24,223 - INFO - Script ECI.py completed successfully with args: ('ED59', 'Bachelor of Education (Secondary)')
2025-05-08 01:16:24,224 - INFO - Processing course 20/256: EN29 - Bachelor of Engineering Studies
2025-05-08 01:16:26,579 - INFO - Script ECI.py completed successfully with args: ('EN29', 'Bachelor of Engineering Studies')
2025-05-08 01:16:26,579 - INFO - Processing course 21/256: HL25 - Bachelor of Health Studies
2025-05-08 01:16:28,878 - INFO - Script ECI.py completed successfully with args: ('HL25', 'Bachelor of Health Studies')
2025-05-08 01:16:28,879 - INFO - Processing course 22/256: IN01 - Bachelor of Information Technology
2025-05-08 01:16:32,810 - INFO - Script ECI.py completed successfully with args: ('IN01', 'Bachelor of Information Technology')
2025-05-08 01:16:32,810 - INFO - Processing course 23/256: IN05 - Bachelor of Games and Interactive Environments
2025-05-08 01:16:36,570 - INFO - Script ECI.py completed successfully with args: ('IN05', 'Bachelor of Games and Interactive Environments')
2025-05-08 01:16:36,570 - INFO - Processing course 24/256: JS34 - Bachelor of Justice
2025-05-08 01:16:41,792 - INFO - Script ECI.py completed successfully with args: ('JS34', 'Bachelor of Justice')
2025-05-08 01:16:41,792 - INFO - Processing course 25/256: KC40 - Bachelor of Communication
2025-05-08 01:16:46,028 - INFO - Script ECI.py completed successfully with args: ('KC40', 'Bachelor of Communication')
2025-05-08 01:16:46,028 - INFO - Processing course 26/256: KK43 - Bachelor of Creative Industries
2025-05-08 01:16:51,714 - INFO - Script ECI.py completed successfully with args: ('KK43', 'Bachelor of Creative Industries')
2025-05-08 01:16:51,714 - INFO - Processing course 27/256: LS40 - Bachelor of Biomedical Science
2025-05-08 01:16:56,764 - INFO - Script ECI.py completed successfully with args: ('LS40', 'Bachelor of Biomedical Science')
2025-05-08 01:16:56,764 - INFO - Processing course 28/256: LS47 - Bachelor of Medical Laboratory Science
2025-05-08 01:17:02,002 - INFO - Script ECI.py completed successfully with args: ('LS47', 'Bachelor of Medical Laboratory Science')
2025-05-08 01:17:02,002 - INFO - Processing course 29/256: LV41 - Bachelor of Biomedical Science
2025-05-08 01:17:06,030 - INFO - Script ECI.py completed successfully with args: ('LV41', 'Bachelor of Biomedical Science')
2025-05-08 01:17:06,030 - INFO - Processing course 30/256: MS01 - Bachelor of Mathematics
2025-05-08 01:17:09,967 - INFO - Script ECI.py completed successfully with args: ('MS01', 'Bachelor of Mathematics')
2025-05-08 01:17:09,967 - INFO - Processing course 31/256: MV01 - Bachelor of Mathematics
2025-05-08 01:17:13,063 - INFO - Script ECI.py completed successfully with args: ('MV01', 'Bachelor of Mathematics')
2025-05-08 01:17:13,063 - INFO - Processing course 32/256: NS42 - Bachelor of Nursing
2025-05-08 01:17:17,222 - INFO - Script ECI.py completed successfully with args: ('NS42', 'Bachelor of Nursing')
2025-05-08 01:17:17,222 - INFO - Processing course 33/256: OP45 - Bachelor of Vision Science
2025-05-08 01:17:21,722 - INFO - Script ECI.py completed successfully with args: ('OP45', 'Bachelor of Vision Science')
2025-05-08 01:17:21,723 - INFO - Processing course 34/256: PU51 - Bachelor of Health Information Management
2025-05-08 01:17:26,603 - INFO - Script ECI.py completed successfully with args: ('PU51', 'Bachelor of Health Information Management')
2025-05-08 01:17:26,604 - INFO - Processing course 35/256: PU52 - Bachelor of Public Health
2025-05-08 01:17:31,521 - INFO - Script ECI.py completed successfully with args: ('PU52', 'Bachelor of Public Health')
2025-05-08 01:17:31,521 - INFO - Processing course 36/256: PY45 - Bachelor of Behavioural Science (Psychology)
2025-05-08 01:17:36,313 - INFO - Script ECI.py completed successfully with args: ('PY45', 'Bachelor of Behavioural Science (Psychology)')
2025-05-08 01:17:36,314 - INFO - Processing course 37/256: ST01 - Bachelor of Science
2025-05-08 01:17:40,582 - INFO - Script ECI.py completed successfully with args: ('ST01', 'Bachelor of Science')
2025-05-08 01:17:40,583 - INFO - Processing course 38/256: SV02 - Bachelor of Science
2025-05-08 01:17:43,615 - INFO - Script ECI.py completed successfully with args: ('SV02', 'Bachelor of Science')
2025-05-08 01:17:43,615 - INFO - Processing course 39/256: SW03 - Bachelor of Human Services
2025-05-08 01:17:48,255 - INFO - Script ECI.py completed successfully with args: ('SW03', 'Bachelor of Human Services')
2025-05-08 01:17:48,255 - INFO - Processing course 40/256: SW04 - Bachelor of Social Work
2025-05-08 01:17:53,145 - INFO - Script ECI.py completed successfully with args: ('SW04', 'Bachelor of Social Work')
2025-05-08 01:17:53,145 - INFO - Processing course 41/256: UD05 - Bachelor of Property Economics
2025-05-08 01:17:58,239 - INFO - Script ECI.py completed successfully with args: ('UD05', 'Bachelor of Property Economics')
2025-05-08 01:17:58,240 - INFO - Processing course 42/256: XN43 - Bachelor of Nutrition Science
2025-05-08 01:18:03,235 - INFO - Script ECI.py completed successfully with args: ('XN43', 'Bachelor of Nutrition Science')
2025-05-08 01:18:03,235 - INFO - Processing course 43/256: XN50 - Bachelor of Sport and Exercise Science
2025-05-08 01:18:07,623 - INFO - Script ECI.py completed successfully with args: ('XN50', 'Bachelor of Sport and Exercise Science')
2025-05-08 01:18:07,624 - INFO - Processing course 44/256: XN51 - Bachelor of Clinical Exercise Physiology
2025-05-08 01:18:12,594 - INFO - Script ECI.py completed successfully with args: ('XN51', 'Bachelor of Clinical Exercise Physiology')
2025-05-08 01:18:12,594 - INFO - Processing course 45/256: AB01 - Bachelor of Built Environment (Honours)
2025-05-08 01:18:16,786 - INFO - Script ECI.py completed successfully with args: ('AB01', 'Bachelor of Built Environment (Honours)')
2025-05-08 01:18:16,787 - INFO - Processing course 46/256: BS63 - Bachelor of Business (Honours)
2025-05-08 01:18:20,390 - INFO - Script ECI.py completed successfully with args: ('BS63', 'Bachelor of Business (Honours)')
2025-05-08 01:18:20,390 - INFO - Processing course 47/256: CS46 - Bachelor of Podiatry (Honours)
2025-05-08 01:18:22,733 - INFO - Script ECI.py completed successfully with args: ('CS46', 'Bachelor of Podiatry (Honours)')
2025-05-08 01:18:22,734 - INFO - Processing course 48/256: CS47 - Bachelor of Pharmacy (Honours)
2025-05-08 01:18:27,275 - INFO - Script ECI.py completed successfully with args: ('CS47', 'Bachelor of Pharmacy (Honours)')
2025-05-08 01:18:27,275 - INFO - Processing course 49/256: CS48 - Bachelor of Medical Imaging (Honours)
2025-05-08 01:18:32,175 - INFO - Script ECI.py completed successfully with args: ('CS48', 'Bachelor of Medical Imaging (Honours)')
2025-05-08 01:18:32,175 - INFO - Processing course 50/256: CS50 - Bachelor of Radiation Therapy (Honours)
2025-05-08 01:18:34,637 - INFO - Script ECI.py completed successfully with args: ('CS50', 'Bachelor of Radiation Therapy (Honours)')
2025-05-08 01:18:34,638 - INFO - Processing course 51/256: EN01 - Bachelor of Engineering (Honours)
2025-05-08 01:18:40,081 - INFO - Script ECI.py completed successfully with args: ('EN01', 'Bachelor of Engineering (Honours)')
2025-05-08 01:18:40,082 - INFO - Processing course 52/256: HL53 - Bachelor of Biomedical Science (Honours) (Study Area A)
2025-05-08 01:18:42,434 - INFO - Script ECI.py completed successfully with args: ('HL53', 'Bachelor of Biomedical Science (Honours) (Study Area A)')
2025-05-08 01:18:42,434 - INFO - Processing course 53/256: IN10 - Bachelor of Information Technology (Honours)
2025-05-08 01:18:46,958 - INFO - Script ECI.py completed successfully with args: ('IN10', 'Bachelor of Information Technology (Honours)')
2025-05-08 01:18:46,958 - INFO - Processing course 54/256: LW38 - Bachelor of Laws (Honours)
2025-05-08 01:18:52,390 - INFO - Script ECI.py completed successfully with args: ('LW38', 'Bachelor of Laws (Honours)')
2025-05-08 01:18:52,391 - INFO - Processing course 55/256: LW39 - Bachelor of Laws (Honours) (Graduate Entry)
2025-05-08 01:18:56,729 - INFO - Script ECI.py completed successfully with args: ('LW39', 'Bachelor of Laws (Honours) (Graduate Entry)')
2025-05-08 01:18:56,729 - INFO - Processing course 56/256: MS10 - Bachelor of Mathematics (Honours)
2025-05-08 01:19:01,908 - INFO - Script ECI.py completed successfully with args: ('MS10', 'Bachelor of Mathematics (Honours)')
2025-05-08 01:19:01,908 - INFO - Processing course 57/256: PY09 - Bachelor of Behavioural Science (Honours Psychology)
2025-05-08 01:19:05,845 - INFO - Script ECI.py completed successfully with args: ('PY09', 'Bachelor of Behavioural Science (Honours Psychology)')
2025-05-08 01:19:05,846 - INFO - Processing course 58/256: ST10 - Bachelor of Science (Honours)
2025-05-08 01:19:10,051 - INFO - Script ECI.py completed successfully with args: ('ST10', 'Bachelor of Science (Honours)')
2025-05-08 01:19:10,052 - INFO - Processing course 59/256: ST20 - Bachelor of Science Advanced (Honours)
2025-05-08 01:19:13,716 - INFO - Script ECI.py completed successfully with args: ('ST20', 'Bachelor of Science Advanced (Honours)')
2025-05-08 01:19:13,717 - INFO - Processing course 60/256: SW05 - Bachelor of Social Work (Honours)
2025-05-08 01:19:16,174 - INFO - Script ECI.py completed successfully with args: ('SW05', 'Bachelor of Social Work (Honours)')
2025-05-08 01:19:16,175 - INFO - Processing course 61/256: XN45 - Bachelor of Nutrition and Dietetics (Honours)
2025-05-08 01:19:20,659 - INFO - Script ECI.py completed successfully with args: ('XN45', 'Bachelor of Nutrition and Dietetics (Honours)')
2025-05-08 01:19:20,659 - INFO - Processing course 62/256: XN52 - Bachelor of Clinical Exercise Physiology (Honours)
2025-05-08 01:19:22,926 - INFO - Script ECI.py completed successfully with args: ('XN52', 'Bachelor of Clinical Exercise Physiology (Honours)')
2025-05-08 01:19:22,926 - INFO - Processing course 63/256: HL16 - Bachelor of Nursing / Bachelor of Public Health
2025-05-08 01:19:25,273 - INFO - Script ECI.py completed successfully with args: ('HL16', 'Bachelor of Nursing / Bachelor of Public Health')
2025-05-08 01:19:25,274 - INFO - Processing course 64/256: HL18 - Bachelor of Nursing / Bachelor of Behavioural Science (Psychology)
2025-05-08 01:19:27,657 - INFO - Script ECI.py completed successfully with args: ('HL18', 'Bachelor of Nursing / Bachelor of Behavioural Science (Psychology)')
2025-05-08 01:19:27,658 - INFO - Processing course 65/256: HL20 - Bachelor of Behavioural Science (Psychology) / Bachelor of Social Work
2025-05-08 01:19:30,833 - INFO - Script ECI.py completed successfully with args: ('HL20', 'Bachelor of Behavioural Science (Psychology) / Bachelor of Social Work')
2025-05-08 01:19:30,833 - INFO - Processing course 66/256: ID02 - Bachelor of Creative Industries / Bachelor of Human Services
2025-05-08 01:19:33,085 - INFO - Script ECI.py completed successfully with args: ('ID02', 'Bachelor of Creative Industries / Bachelor of Human Services')
2025-05-08 01:19:33,086 - INFO - Processing course 67/256: ID03 - Bachelor of Creative Industries / Bachelor of Information Technology
2025-05-08 01:19:35,503 - INFO - Script ECI.py completed successfully with args: ('ID03', 'Bachelor of Creative Industries / Bachelor of Information Technology')
2025-05-08 01:19:35,503 - INFO - Processing course 68/256: ID07 - Bachelor of Communication / Bachelor of Public Health
2025-05-08 01:19:37,808 - INFO - Script ECI.py completed successfully with args: ('ID07', 'Bachelor of Communication / Bachelor of Public Health')
2025-05-08 01:19:37,808 - INFO - Processing course 69/256: ID09 - Bachelor of Communication / Bachelor of Justice
2025-05-08 01:19:40,045 - INFO - Script ECI.py completed successfully with args: ('ID09', 'Bachelor of Communication / Bachelor of Justice')
2025-05-08 01:19:40,045 - INFO - Processing course 70/256: ID10 - Bachelor of Communication / Bachelor of Information Technology
2025-05-08 01:19:42,351 - INFO - Script ECI.py completed successfully with args: ('ID10', 'Bachelor of Communication / Bachelor of Information Technology')
2025-05-08 01:19:42,352 - INFO - Processing course 71/256: ID11 - Bachelor of Communication / Bachelor of Science
2025-05-08 01:19:44,749 - INFO - Script ECI.py completed successfully with args: ('ID11', 'Bachelor of Communication / Bachelor of Science')
2025-05-08 01:19:44,750 - INFO - Processing course 72/256: ID15 - Bachelor of Design / Bachelor of Information Technology
2025-05-08 01:19:47,062 - INFO - Script ECI.py completed successfully with args: ('ID15', 'Bachelor of Design / Bachelor of Information Technology')
2025-05-08 01:19:47,062 - INFO - Processing course 73/256: ID28 - Bachelor of Biomedical Science / Bachelor of Mathematics
2025-05-08 01:19:49,450 - INFO - Script ECI.py completed successfully with args: ('ID28', 'Bachelor of Biomedical Science / Bachelor of Mathematics')
2025-05-08 01:19:49,451 - INFO - Processing course 74/256: ID30 - Bachelor of Data Science / Bachelor of Property Economics
2025-05-08 01:19:51,700 - INFO - Script ECI.py completed successfully with args: ('ID30', 'Bachelor of Data Science / Bachelor of Property Economics')
2025-05-08 01:19:51,701 - INFO - Processing course 75/256: ID49 - Bachelor of Creative Arts / Bachelor of Behavioural Science (Psychology)
2025-05-08 01:19:54,194 - INFO - Script ECI.py completed successfully with args: ('ID49', 'Bachelor of Creative Arts / Bachelor of Behavioural Science (Psychology)')
2025-05-08 01:19:54,194 - INFO - Processing course 76/256: ID53 - Bachelor of Architectural Design / Bachelor of Property Economics
2025-05-08 01:19:56,470 - INFO - Script ECI.py completed successfully with args: ('ID53', 'Bachelor of Architectural Design / Bachelor of Property Economics')
2025-05-08 01:19:56,470 - INFO - Processing course 77/256: ID56 - Bachelor of Behavioural Science (Psychology) / Bachelor of Design
2025-05-08 01:19:58,794 - INFO - Script ECI.py completed successfully with args: ('ID56', 'Bachelor of Behavioural Science (Psychology) / Bachelor of Design')
2025-05-08 01:19:58,794 - INFO - Processing course 78/256: ID57 - Bachelor of Education (Secondary) / Bachelor of Creative Arts
2025-05-08 01:20:01,165 - INFO - Script ECI.py completed successfully with args: ('ID57', 'Bachelor of Education (Secondary) / Bachelor of Creative Arts')
2025-05-08 01:20:01,166 - INFO - Processing course 79/256: IX77 - Bachelor of Behavioural Science (Psychology) / Bachelor of Justice
2025-05-08 01:20:03,497 - INFO - Script ECI.py completed successfully with args: ('IX77', 'Bachelor of Behavioural Science (Psychology) / Bachelor of Justice')
2025-05-08 01:20:03,498 - INFO - Processing course 80/256: IX78 - Bachelor of Human Services / Bachelor of Justice
2025-05-08 01:20:05,959 - INFO - Script ECI.py completed successfully with args: ('IX78', 'Bachelor of Human Services / Bachelor of Justice')
2025-05-08 01:20:05,959 - INFO - Processing course 81/256: SE07 - Bachelor of Science/ Bachelor of Data Science
2025-05-08 01:20:08,417 - INFO - Script ECI.py completed successfully with args: ('SE07', 'Bachelor of Science/ Bachelor of Data Science')
2025-05-08 01:20:08,417 - INFO - Processing course 82/256: SE20 - Bachelor of Science / Bachelor of Mathematics
2025-05-08 01:20:10,966 - INFO - Script ECI.py completed successfully with args: ('SE20', 'Bachelor of Science / Bachelor of Mathematics')
2025-05-08 01:20:10,967 - INFO - Processing course 83/256: SE30 - Bachelor of Information Technology / Bachelor of Mathematics
2025-05-08 01:20:13,295 - INFO - Script ECI.py completed successfully with args: ('SE30', 'Bachelor of Information Technology / Bachelor of Mathematics')
2025-05-08 01:20:13,296 - INFO - Processing course 84/256: SE50 - Bachelor of Science / Bachelor of Information Technology
2025-05-08 01:20:15,694 - INFO - Script ECI.py completed successfully with args: ('SE50', 'Bachelor of Science / Bachelor of Information Technology')
2025-05-08 01:20:15,694 - INFO - Processing course 85/256: SE70 - Bachelor of Games and Interactive Environments / Bachelor of Mathematics
2025-05-08 01:20:18,098 - INFO - Script ECI.py completed successfully with args: ('SE70', 'Bachelor of Games and Interactive Environments / Bachelor of Mathematics')
2025-05-08 01:20:18,098 - INFO - Processing course 86/256: SE90 - Bachelor of Science / Bachelor of Games and Interactive Environments
2025-05-08 01:20:20,395 - INFO - Script ECI.py completed successfully with args: ('SE90', 'Bachelor of Science / Bachelor of Games and Interactive Environments')
2025-05-08 01:20:20,395 - INFO - Processing course 87/256: EB01 - Bachelor of Architectural Design / Bachelor of Built Environment (Honours) (Urban and Regional Planning)
2025-05-08 01:20:23,471 - INFO - Script ECI.py completed successfully with args: ('EB01', 'Bachelor of Architectural Design / Bachelor of Built Environment (Honours) (Urban and Regional Planning)')
2025-05-08 01:20:23,471 - INFO - Processing course 88/256: EB02 - Bachelor of Architectural Design / Bachelor of Built Environment (Honours) (Construction Management and Quantity Surveying)
2025-05-08 01:20:26,767 - INFO - Script ECI.py completed successfully with args: ('EB02', 'Bachelor of Architectural Design / Bachelor of Built Environment (Honours) (Construction Management and Quantity Surveying)')
2025-05-08 01:20:26,768 - INFO - Processing course 89/256: EB03 - Bachelor of Architectural Design / Bachelor of Built Environment (Honours) (Interior Design)
2025-05-08 01:20:29,799 - INFO - Script ECI.py completed successfully with args: ('EB03', 'Bachelor of Architectural Design / Bachelor of Built Environment (Honours) (Interior Design)')
2025-05-08 01:20:29,799 - INFO - Processing course 90/256: EB04 - Bachelor of Architectural Design / Bachelor of Built Environment (Honours) (Landscape Architecture)
2025-05-08 01:20:32,819 - INFO - Script ECI.py completed successfully with args: ('EB04', 'Bachelor of Architectural Design / Bachelor of Built Environment (Honours) (Landscape Architecture)')
2025-05-08 01:20:32,820 - INFO - Processing course 91/256: EB05 - Bachelor of Architectural Design / Bachelor of Engineering (Honours)
2025-05-08 01:20:35,825 - INFO - Script ECI.py completed successfully with args: ('EB05', 'Bachelor of Architectural Design / Bachelor of Engineering (Honours)')
2025-05-08 01:20:35,825 - INFO - Processing course 92/256: ID14 - Bachelor of Design / Bachelor of Engineering (Honours)
2025-05-08 01:20:39,046 - INFO - Script ECI.py completed successfully with args: ('ID14', 'Bachelor of Design / Bachelor of Engineering (Honours)')
2025-05-08 01:20:39,047 - INFO - Processing course 93/256: ID37 - Bachelor of Creative Industries / Bachelor of Laws (Honours)
2025-05-08 01:20:42,037 - INFO - Script ECI.py completed successfully with args: ('ID37', 'Bachelor of Creative Industries / Bachelor of Laws (Honours)')
2025-05-08 01:20:42,037 - INFO - Processing course 94/256: ID38 - Bachelor of Communication / Bachelor of Laws (Honours)
2025-05-08 01:20:45,266 - INFO - Script ECI.py completed successfully with args: ('ID38', 'Bachelor of Communication / Bachelor of Laws (Honours)')
2025-05-08 01:20:45,267 - INFO - Processing course 95/256: ID40 - Bachelor of Property Economics / Bachelor of Laws (Honours)
2025-05-08 01:20:48,493 - INFO - Script ECI.py completed successfully with args: ('ID40', 'Bachelor of Property Economics / Bachelor of Laws (Honours)')
2025-05-08 01:20:48,493 - INFO - Processing course 96/256: ID41 - Bachelor of Data Science / Bachelor of Laws (Honours)
2025-05-08 01:20:51,707 - INFO - Script ECI.py completed successfully with args: ('ID41', 'Bachelor of Data Science / Bachelor of Laws (Honours)')
2025-05-08 01:20:51,707 - INFO - Processing course 97/256: ID42 - Bachelor of Science / Bachelor of Laws (Honours)
2025-05-08 01:20:55,133 - INFO - Script ECI.py completed successfully with args: ('ID42', 'Bachelor of Science / Bachelor of Laws (Honours)')
2025-05-08 01:20:55,133 - INFO - Processing course 98/256: ID44 - Bachelor of Behavioural Science (Psychology) / Bachelor of Laws (Honours)
2025-05-08 01:20:58,231 - INFO - Script ECI.py completed successfully with args: ('ID44', 'Bachelor of Behavioural Science (Psychology) / Bachelor of Laws (Honours)')
2025-05-08 01:20:58,232 - INFO - Processing course 99/256: ID46 - Bachelor of Information Technology / Bachelor of Laws (Honours)
2025-05-08 01:21:01,396 - INFO - Script ECI.py completed successfully with args: ('ID46', 'Bachelor of Information Technology / Bachelor of Laws (Honours)')
2025-05-08 01:21:01,396 - INFO - Processing course 100/256: ID47 - Bachelor of Biomedical Science / Bachelor of Laws (Honours)
2025-05-08 01:21:04,985 - INFO - Script ECI.py completed successfully with args: ('ID47', 'Bachelor of Biomedical Science / Bachelor of Laws (Honours)')
2025-05-08 01:21:04,985 - INFO - Processing course 101/256: ID48 - Bachelor of Justice / Bachelor of Laws (Honours)
2025-05-08 01:21:08,168 - INFO - Script ECI.py completed successfully with args: ('ID48', 'Bachelor of Justice / Bachelor of Laws (Honours)')
2025-05-08 01:21:08,169 - INFO - Processing course 102/256: ID51 - Bachelor of Built Environment (Honours) (Landscape Architecture) / Bachelor of Science
2025-05-08 01:21:10,849 - INFO - Script ECI.py completed successfully with args: ('ID51', 'Bachelor of Built Environment (Honours) (Landscape Architecture) / Bachelor of Science')
2025-05-08 01:21:10,849 - INFO - Processing course 103/256: ID52 - Bachelor of Built Environment (Honours) (Urban and Regional Planning) / Bachelor of Property Economics
2025-05-08 01:21:13,463 - INFO - Script ECI.py completed successfully with args: ('ID52', 'Bachelor of Built Environment (Honours) (Urban and Regional Planning) / Bachelor of Property Economics')
2025-05-08 01:21:13,464 - INFO - Processing course 104/256: ID55 - Bachelor of Built Environment (Honours) (Urban and Regional Planning) / Bachelor of Science
2025-05-08 01:21:16,335 - INFO - Script ECI.py completed successfully with args: ('ID55', 'Bachelor of Built Environment (Honours) (Urban and Regional Planning) / Bachelor of Science')
2025-05-08 01:21:16,335 - INFO - Processing course 105/256: ID58 - Bachelor of Creative Arts / Bachelor of Laws (Honours)
2025-05-08 01:21:18,876 - INFO - Script ECI.py completed successfully with args: ('ID58', 'Bachelor of Creative Arts / Bachelor of Laws (Honours)')
2025-05-08 01:21:18,877 - INFO - Processing course 106/256: ID60 - Bachelor of Built Environment (Honours) (Interior Design) / Bachelor of Property Economics
2025-05-08 01:21:21,414 - INFO - Script ECI.py completed successfully with args: ('ID60', 'Bachelor of Built Environment (Honours) (Interior Design) / Bachelor of Property Economics')
2025-05-08 01:21:21,414 - INFO - Processing course 107/256: ID61 - Bachelor of Built Environment (Honours) (Construction Management &amp; Quantity Surveying) / Bachelor of Property Economics
2025-05-08 01:21:24,038 - INFO - Script ECI.py completed successfully with args: ('ID61', 'Bachelor of Built Environment (Honours) (Construction Management &amp; Quantity Surveying) / Bachelor of Property Economics')
2025-05-08 01:21:24,039 - INFO - Processing course 108/256: SE40 - Bachelor of Engineering (Honours) / Bachelor of Mathematics
2025-05-08 01:21:26,802 - INFO - Script ECI.py completed successfully with args: ('SE40', 'Bachelor of Engineering (Honours) / Bachelor of Mathematics')
2025-05-08 01:21:26,803 - INFO - Processing course 109/256: SE60 - Bachelor of Engineering (Honours) / Bachelor of Information Technology
2025-05-08 01:21:29,404 - INFO - Script ECI.py completed successfully with args: ('SE60', 'Bachelor of Engineering (Honours) / Bachelor of Information Technology')
2025-05-08 01:21:29,405 - INFO - Processing course 110/256: SE80 - Bachelor of Engineering (Honours) / Bachelor of Science
2025-05-08 01:21:31,915 - INFO - Script ECI.py completed successfully with args: ('SE80', 'Bachelor of Engineering (Honours) / Bachelor of Science')
2025-05-08 01:21:31,915 - INFO - Processing course 111/256: BS79 - Graduate Diploma in Business
2025-05-08 01:21:34,306 - INFO - Script ECI.py completed successfully with args: ('BS79', 'Graduate Diploma in Business')
2025-05-08 01:21:34,306 - INFO - Processing course 112/256: CS60 - Graduate Diploma in Medical Ultrasound
2025-05-08 01:21:38,950 - INFO - Script ECI.py completed successfully with args: ('CS60', 'Graduate Diploma in Medical Ultrasound')
2025-05-08 01:21:38,950 - INFO - Processing course 113/256: CS61 - Graduate Diploma in Cardiac Ultrasound
2025-05-08 01:21:43,482 - INFO - Script ECI.py completed successfully with args: ('CS61', 'Graduate Diploma in Cardiac Ultrasound')
2025-05-08 01:21:43,482 - INFO - Processing course 114/256: DE88 - Graduate Diploma in Strategic Design
2025-05-08 01:21:47,811 - INFO - Script ECI.py completed successfully with args: ('DE88', 'Graduate Diploma in Strategic Design')
2025-05-08 01:21:47,811 - INFO - Processing course 115/256: EN79 - Graduate Diploma in Engineering Studies
2025-05-08 01:21:50,179 - INFO - Script ECI.py completed successfully with args: ('EN79', 'Graduate Diploma in Engineering Studies')
2025-05-08 01:21:50,179 - INFO - Processing course 116/256: EU20 - Graduate Diploma in Educational Studies
2025-05-08 01:21:52,465 - INFO - Script ECI.py completed successfully with args: ('EU20', 'Graduate Diploma in Educational Studies')
2025-05-08 01:21:52,465 - INFO - Processing course 117/256: GS41 - Graduate Diploma in Business Administration
2025-05-08 01:21:54,883 - INFO - Script ECI.py completed successfully with args: ('GS41', 'Graduate Diploma in Business Administration')
2025-05-08 01:21:54,883 - INFO - Processing course 118/256: GS72 - Graduate Diploma in Business Administration
2025-05-08 01:21:57,264 - INFO - Script ECI.py completed successfully with args: ('GS72', 'Graduate Diploma in Business Administration')
2025-05-08 01:21:57,265 - INFO - Processing course 119/256: GZ44 - Graduate Diploma in Business
2025-05-08 01:21:59,756 - INFO - Script ECI.py completed successfully with args: ('GZ44', 'Graduate Diploma in Business')
2025-05-08 01:21:59,756 - INFO - Processing course 120/256: HQ10 - Graduate Diploma in Gerontology
2025-05-08 01:22:02,211 - INFO - Script ECI.py completed successfully with args: ('HQ10', 'Graduate Diploma in Gerontology')
2025-05-08 01:22:02,212 - INFO - Processing course 121/256: IN19 - Graduate Diploma in Information Technology
2025-05-08 01:22:05,737 - INFO - Script ECI.py completed successfully with args: ('IN19', 'Graduate Diploma in Information Technology')
2025-05-08 01:22:05,737 - INFO - Processing course 122/256: IN97 - Graduate Diploma in Information Science
2025-05-08 01:22:08,400 - INFO - Script ECI.py completed successfully with args: ('IN97', 'Graduate Diploma in Information Science')
2025-05-08 01:22:08,401 - INFO - Processing course 123/256: IQ19 - Graduate Diploma in Information Technology
2025-05-08 01:22:12,019 - INFO - Script ECI.py completed successfully with args: ('IQ19', 'Graduate Diploma in Information Technology')
2025-05-08 01:22:12,020 - INFO - Processing course 124/256: KC87 - Graduate Diploma in Digital Communication
2025-05-08 01:22:16,684 - INFO - Script ECI.py completed successfully with args: ('KC87', 'Graduate Diploma in Digital Communication')
2025-05-08 01:22:16,684 - INFO - Processing course 125/256: KQ87 - Graduate Diploma in Digital Communication
2025-05-08 01:22:20,474 - INFO - Script ECI.py completed successfully with args: ('KQ87', 'Graduate Diploma in Digital Communication')
2025-05-08 01:22:20,474 - INFO - Processing course 126/256: LP41 - Graduate Diploma in Legal Practice
2025-05-08 01:22:25,139 - INFO - Script ECI.py completed successfully with args: ('LP41', 'Graduate Diploma in Legal Practice')
2025-05-08 01:22:25,139 - INFO - Processing course 127/256: LS72 - Graduate Diploma in Diagnostic Genomics
2025-05-08 01:22:29,566 - INFO - Script ECI.py completed successfully with args: ('LS72', 'Graduate Diploma in Diagnostic Genomics')
2025-05-08 01:22:29,566 - INFO - Processing course 128/256: LZ41 - Graduate Diploma in Legal Practice
2025-05-08 01:22:33,611 - INFO - Script ECI.py completed successfully with args: ('LZ41', 'Graduate Diploma in Legal Practice')
2025-05-08 01:22:33,612 - INFO - Processing course 129/256: NS60 - Graduate Diploma in Nursing
2025-05-08 01:22:36,120 - INFO - Script ECI.py completed successfully with args: ('NS60', 'Graduate Diploma in Nursing')
2025-05-08 01:22:36,120 - INFO - Processing course 130/256: PH71 - Graduate Diploma in Applied Science
2025-05-08 01:22:38,836 - INFO - Script ECI.py completed successfully with args: ('PH71', 'Graduate Diploma in Applied Science')
2025-05-08 01:22:38,836 - INFO - Processing course 131/256: PQ63 - Graduate Diploma in Health Management
2025-05-08 01:22:41,286 - INFO - Script ECI.py completed successfully with args: ('PQ63', 'Graduate Diploma in Health Management')
2025-05-08 01:22:41,286 - INFO - Processing course 132/256: PQ77 - Graduate Diploma in Health Management and Leadership
2025-05-08 01:22:45,688 - INFO - Script ECI.py completed successfully with args: ('PQ77', 'Graduate Diploma in Health Management and Leadership')
2025-05-08 01:22:45,688 - INFO - Processing course 133/256: PU60 - Graduate Diploma in Public Health
2025-05-08 01:22:51,167 - INFO - Script ECI.py completed successfully with args: ('PU60', 'Graduate Diploma in Public Health')
2025-05-08 01:22:51,168 - INFO - Processing course 134/256: PU65 - Graduate Diploma in Occupational Health and Safety
2025-05-08 01:22:55,866 - INFO - Script ECI.py completed successfully with args: ('PU65', 'Graduate Diploma in Occupational Health and Safety')
2025-05-08 01:22:55,867 - INFO - Processing course 135/256: PU67 - Graduate Diploma in Environmental Health
2025-05-08 01:23:00,129 - INFO - Script ECI.py completed successfully with args: ('PU67', 'Graduate Diploma in Environmental Health')
2025-05-08 01:23:00,129 - INFO - Processing course 136/256: PU77 - Graduate Diploma in Health Management &amp; Leadership
2025-05-08 01:23:02,480 - INFO - Script ECI.py completed successfully with args: ('PU77', 'Graduate Diploma in Health Management &amp; Leadership')
2025-05-08 01:23:02,480 - INFO - Processing course 137/256: PY10 - Graduate Diploma in Counselling
2025-05-08 01:23:05,367 - INFO - Script ECI.py completed successfully with args: ('PY10', 'Graduate Diploma in Counselling')
2025-05-08 01:23:05,368 - INFO - Processing course 138/256: SW60 - Graduate Diploma in Social Care
2025-05-08 01:23:07,759 - INFO - Script ECI.py completed successfully with args: ('SW60', 'Graduate Diploma in Social Care')
2025-05-08 01:23:07,760 - INFO - Processing course 139/256: BS37 - Graduate Certificate in Business and Communication
2025-05-08 01:23:12,371 - INFO - Script ECI.py completed successfully with args: ('BS37', 'Graduate Certificate in Business and Communication')
2025-05-08 01:23:12,371 - INFO - Processing course 140/256: BS39 - Graduate Certificate in Business
2025-05-08 01:23:16,509 - INFO - Script ECI.py completed successfully with args: ('BS39', 'Graduate Certificate in Business')
2025-05-08 01:23:16,510 - INFO - Processing course 141/256: CS30 - Graduate Certificate in Podiatric Therapeutics
2025-05-08 01:23:20,726 - INFO - Script ECI.py completed successfully with args: ('CS30', 'Graduate Certificate in Podiatric Therapeutics')
2025-05-08 01:23:20,726 - INFO - Processing course 142/256: DE77 - Graduate Certificate in Strategic Design
2025-05-08 01:23:25,132 - INFO - Script ECI.py completed successfully with args: ('DE77', 'Graduate Certificate in Strategic Design')
2025-05-08 01:23:25,133 - INFO - Processing course 143/256: EN60 - Graduate Certificate in Communication for Engineering
2025-05-08 01:23:29,442 - INFO - Script ECI.py completed successfully with args: ('EN60', 'Graduate Certificate in Communication for Engineering')
2025-05-08 01:23:29,443 - INFO - Processing course 144/256: EN61 - Graduate Certificate in Smart Transport and Mobility
2025-05-08 01:23:34,557 - INFO - Script ECI.py completed successfully with args: ('EN61', 'Graduate Certificate in Smart Transport and Mobility')
2025-05-08 01:23:34,557 - INFO - Processing course 145/256: EN62 - Graduate Certificate in Robotics
2025-05-08 01:23:39,458 - INFO - Script ECI.py completed successfully with args: ('EN62', 'Graduate Certificate in Robotics')
2025-05-08 01:23:39,458 - INFO - Processing course 146/256: EN63 - Graduate Certificate in Renewable Power
2025-05-08 01:23:43,830 - INFO - Script ECI.py completed successfully with args: ('EN63', 'Graduate Certificate in Renewable Power')
2025-05-08 01:23:43,831 - INFO - Processing course 147/256: EN64 - Graduate Certificate in Digital and Robotic Manufacturing
2025-05-08 01:23:48,184 - INFO - Script ECI.py completed successfully with args: ('EN64', 'Graduate Certificate in Digital and Robotic Manufacturing')
2025-05-08 01:23:48,184 - INFO - Processing course 148/256: EN65 - Graduate Certificate in Water Modelling
2025-05-08 01:23:53,012 - INFO - Script ECI.py completed successfully with args: ('EN65', 'Graduate Certificate in Water Modelling')
2025-05-08 01:23:53,012 - INFO - Processing course 149/256: EN66 - Graduate Certificate in Bioprocess Engineering
2025-05-08 01:23:57,438 - INFO - Script ECI.py completed successfully with args: ('EN66', 'Graduate Certificate in Bioprocess Engineering')
2025-05-08 01:23:57,438 - INFO - Processing course 150/256: EN67 - Graduate Certificate in Renewable Energy Systems
2025-05-08 01:24:01,679 - INFO - Script ECI.py completed successfully with args: ('EN67', 'Graduate Certificate in Renewable Energy Systems')
2025-05-08 01:24:01,679 - INFO - Processing course 151/256: EQ60 - Graduate Certificate in Education
2025-05-08 01:24:05,203 - INFO - Script ECI.py completed successfully with args: ('EQ60', 'Graduate Certificate in Education')
2025-05-08 01:24:05,204 - INFO - Processing course 152/256: EU60 - Graduate Certificate in Education
2025-05-08 01:24:08,371 - INFO - Script ECI.py completed successfully with args: ('EU60', 'Graduate Certificate in Education')
2025-05-08 01:24:08,371 - INFO - Processing course 153/256: EZ60 - Graduate Certificate in Education
2025-05-08 01:24:11,460 - INFO - Script ECI.py completed successfully with args: ('EZ60', 'Graduate Certificate in Education')
2025-05-08 01:24:11,460 - INFO - Processing course 154/256: GS60 - Executive Graduate Certificate in Business
2025-05-08 01:24:13,804 - INFO - Script ECI.py completed successfully with args: ('GS60', 'Executive Graduate Certificate in Business')
2025-05-08 01:24:13,804 - INFO - Processing course 155/256: GS71 - Graduate Certificate in Business Administration
2025-05-08 01:24:18,181 - INFO - Script ECI.py completed successfully with args: ('GS71', 'Graduate Certificate in Business Administration')
2025-05-08 01:24:18,181 - INFO - Processing course 156/256: GS87 - Graduate Certificate in Business Administration
2025-05-08 01:24:21,809 - INFO - Script ECI.py completed successfully with args: ('GS87', 'Graduate Certificate in Business Administration')
2025-05-08 01:24:21,810 - INFO - Processing course 157/256: GS89 - Executive Graduate Certificate in Business Administration
2025-05-08 01:24:25,804 - INFO - Script ECI.py completed successfully with args: ('GS89', 'Executive Graduate Certificate in Business Administration')
2025-05-08 01:24:25,804 - INFO - Processing course 158/256: GZ34 - Graduate Certificate in Business
2025-05-08 01:24:29,015 - INFO - Script ECI.py completed successfully with args: ('GZ34', 'Graduate Certificate in Business')
2025-05-08 01:24:29,016 - INFO - Processing course 159/256: GZ35 - Graduate Certificate in Business
2025-05-08 01:24:32,258 - INFO - Script ECI.py completed successfully with args: ('GZ35', 'Graduate Certificate in Business')
2025-05-08 01:24:32,259 - INFO - Processing course 160/256: GZ38 - Graduate Certificate in Business
2025-05-08 01:24:35,327 - INFO - Script ECI.py completed successfully with args: ('GZ38', 'Graduate Certificate in Business')
2025-05-08 01:24:35,328 - INFO - Processing course 161/256: GZ39 - Graduate Certificate in Business
2025-05-08 01:24:38,409 - INFO - Script ECI.py completed successfully with args: ('GZ39', 'Graduate Certificate in Business')
2025-05-08 01:24:38,409 - INFO - Processing course 162/256: GZ60 - Executive Graduate Certificate in Business
2025-05-08 01:24:40,755 - INFO - Script ECI.py completed successfully with args: ('GZ60', 'Executive Graduate Certificate in Business')
2025-05-08 01:24:40,756 - INFO - Processing course 163/256: HQ08 - Graduate Certificate in Care of the Aged
2025-05-08 01:24:43,097 - INFO - Script ECI.py completed successfully with args: ('HQ08', 'Graduate Certificate in Care of the Aged')
2025-05-08 01:24:43,098 - INFO - Processing course 164/256: HQ09 - Graduate Certificate in Gerontology
2025-05-08 01:24:45,344 - INFO - Script ECI.py completed successfully with args: ('HQ09', 'Graduate Certificate in Gerontology')
2025-05-08 01:24:45,344 - INFO - Processing course 165/256: IF89 - Graduate Certificate in Research Studies
2025-05-08 01:24:47,939 - INFO - Script ECI.py completed successfully with args: ('IF89', 'Graduate Certificate in Research Studies')
2025-05-08 01:24:47,939 - INFO - Processing course 166/256: IN17 - Graduate Certificate in Communication for Information Technology
2025-05-08 01:24:52,256 - INFO - Script ECI.py completed successfully with args: ('IN17', 'Graduate Certificate in Communication for Information Technology')
2025-05-08 01:24:52,256 - INFO - Processing course 167/256: IN18 - Graduate Certificate in Information Technology
2025-05-08 01:24:56,416 - INFO - Script ECI.py completed successfully with args: ('IN18', 'Graduate Certificate in Information Technology')
2025-05-08 01:24:56,416 - INFO - Processing course 168/256: IN25 - Graduate Certificate in Business Process Management
2025-05-08 01:25:01,379 - INFO - Script ECI.py completed successfully with args: ('IN25', 'Graduate Certificate in Business Process Management')
2025-05-08 01:25:01,379 - INFO - Processing course 169/256: IN30 - Graduate Certificate in Data Science
2025-05-08 01:25:06,060 - INFO - Script ECI.py completed successfully with args: ('IN30', 'Graduate Certificate in Data Science')
2025-05-08 01:25:06,061 - INFO - Processing course 170/256: IN70 - Graduate Certificate in Information Technology Practice
2025-05-08 01:25:08,418 - INFO - Script ECI.py completed successfully with args: ('IN70', 'Graduate Certificate in Information Technology Practice')
2025-05-08 01:25:08,418 - INFO - Processing course 171/256: IQ14 - Graduate Certificate in Business Analysis
2025-05-08 01:25:10,818 - INFO - Script ECI.py completed successfully with args: ('IQ14', 'Graduate Certificate in Business Analysis')
2025-05-08 01:25:10,819 - INFO - Processing course 172/256: IQ15 - Graduate Certificate in Computer Science
2025-05-08 01:25:13,248 - INFO - Script ECI.py completed successfully with args: ('IQ15', 'Graduate Certificate in Computer Science')
2025-05-08 01:25:13,249 - INFO - Processing course 173/256: IQ16 - Graduate Certificate in Cyber Security and Networks
2025-05-08 01:25:15,537 - INFO - Script ECI.py completed successfully with args: ('IQ16', 'Graduate Certificate in Cyber Security and Networks')
2025-05-08 01:25:15,537 - INFO - Processing course 174/256: IQ18 - Graduate Certificate in Information Technology
2025-05-08 01:25:19,440 - INFO - Script ECI.py completed successfully with args: ('IQ18', 'Graduate Certificate in Information Technology')
2025-05-08 01:25:19,440 - INFO - Processing course 175/256: IQ26 - Graduate Certificate in Data Analytics
2025-05-08 01:25:21,948 - INFO - Script ECI.py completed successfully with args: ('IQ26', 'Graduate Certificate in Data Analytics')
2025-05-08 01:25:21,948 - INFO - Processing course 176/256: IQ70 - Graduate Certificate in Information Technology Practice
2025-05-08 01:25:24,402 - INFO - Script ECI.py completed successfully with args: ('IQ70', 'Graduate Certificate in Information Technology Practice')
2025-05-08 01:25:24,403 - INFO - Processing course 177/256: IZ25 - Graduate Certificate in Business Process Management
2025-05-08 01:25:28,195 - INFO - Script ECI.py completed successfully with args: ('IZ25', 'Graduate Certificate in Business Process Management')
2025-05-08 01:25:28,195 - INFO - Processing course 178/256: IZ70 - Graduate Certificate in Information Technology Practice
2025-05-08 01:25:30,480 - INFO - Script ECI.py completed successfully with args: ('IZ70', 'Graduate Certificate in Information Technology Practice')
2025-05-08 01:25:30,480 - INFO - Processing course 179/256: JQ12 - Graduate Certificate in Domestic Violence Responses
2025-05-08 01:25:33,217 - INFO - Script ECI.py completed successfully with args: ('JQ12', 'Graduate Certificate in Domestic Violence Responses')
2025-05-08 01:25:33,217 - INFO - Processing course 180/256: JQ20 - Graduate Certificate in Investigations and Intelligence
2025-05-08 01:25:35,524 - INFO - Script ECI.py completed successfully with args: ('JQ20', 'Graduate Certificate in Investigations and Intelligence')
2025-05-08 01:25:35,525 - INFO - Processing course 181/256: JQ23 - Graduate Certificate in Policy and Governance
2025-05-08 01:25:37,860 - INFO - Script ECI.py completed successfully with args: ('JQ23', 'Graduate Certificate in Policy and Governance')
2025-05-08 01:25:37,860 - INFO - Processing course 182/256: KC86 - Graduate Certificate in Digital Communication
2025-05-08 01:25:41,774 - INFO - Script ECI.py completed successfully with args: ('KC86', 'Graduate Certificate in Digital Communication')
2025-05-08 01:25:41,775 - INFO - Processing course 183/256: KQ86 - Graduate Certificate in Digital Communication
2025-05-08 01:25:45,446 - INFO - Script ECI.py completed successfully with args: ('KQ86', 'Graduate Certificate in Digital Communication')
2025-05-08 01:25:45,446 - INFO - Processing course 184/256: LS60 - Graduate Certificate in Diagnostic Genomics
2025-05-08 01:25:49,847 - INFO - Script ECI.py completed successfully with args: ('LS60', 'Graduate Certificate in Diagnostic Genomics')
2025-05-08 01:25:49,848 - INFO - Processing course 185/256: NS32 - Graduate Certificate in Nursing
2025-05-08 01:25:53,619 - INFO - Script ECI.py completed successfully with args: ('NS32', 'Graduate Certificate in Nursing')
2025-05-08 01:25:53,619 - INFO - Processing course 186/256: PM15 - Graduate Certificate in Project Management
2025-05-08 01:25:58,250 - INFO - Script ECI.py completed successfully with args: ('PM15', 'Graduate Certificate in Project Management')
2025-05-08 01:25:58,250 - INFO - Processing course 187/256: PQ15 - Graduate Certificate in Project Management
2025-05-08 01:26:02,110 - INFO - Script ECI.py completed successfully with args: ('PQ15', 'Graduate Certificate in Project Management')
2025-05-08 01:26:02,110 - INFO - Processing course 188/256: PQ30 - Graduate Certificate in Emergency and Disaster Management
2025-05-08 01:26:04,541 - INFO - Script ECI.py completed successfully with args: ('PQ30', 'Graduate Certificate in Emergency and Disaster Management')
2025-05-08 01:26:04,542 - INFO - Processing course 189/256: PQ31 - Graduate Certificate in Health Management and Leadership
2025-05-08 01:26:06,823 - INFO - Script ECI.py completed successfully with args: ('PQ31', 'Graduate Certificate in Health Management and Leadership')
2025-05-08 01:26:06,824 - INFO - Processing course 190/256: PU70 - Graduate Certificate in Digital Health Leadership and Management
2025-05-08 01:26:10,950 - INFO - Script ECI.py completed successfully with args: ('PU70', 'Graduate Certificate in Digital Health Leadership and Management')
2025-05-08 01:26:10,950 - INFO - Processing course 191/256: SW30 - Graduate Certificate in Social Care
2025-05-08 01:26:13,251 - INFO - Script ECI.py completed successfully with args: ('SW30', 'Graduate Certificate in Social Care')
2025-05-08 01:26:13,252 - INFO - Processing course 192/256: BN87 - Master of Engineering Management
2025-05-08 01:26:17,467 - INFO - Script ECI.py completed successfully with args: ('BN87', 'Master of Engineering Management')
2025-05-08 01:26:17,467 - INFO - Processing course 193/256: BS11 - Master of Business
2025-05-08 01:26:21,429 - INFO - Script ECI.py completed successfully with args: ('BS11', 'Master of Business')
2025-05-08 01:26:21,430 - INFO - Processing course 194/256: DE83 - Master of Architecture
2025-05-08 01:26:25,996 - INFO - Script ECI.py completed successfully with args: ('DE83', 'Master of Architecture')
2025-05-08 01:26:25,996 - INFO - Processing course 195/256: DE99 - Master of Design (Strategic Design)
2025-05-08 01:26:30,164 - INFO - Script ECI.py completed successfully with args: ('DE99', 'Master of Design (Strategic Design)')
2025-05-08 01:26:30,164 - INFO - Processing course 196/256: EN50 - Master of Engineering
2025-05-08 01:26:32,834 - INFO - Script ECI.py completed successfully with args: ('EN50', 'Master of Engineering')
2025-05-08 01:26:32,834 - INFO - Processing course 197/256: EN51 - Master of Sustainable Infrastructure
2025-05-08 01:26:37,833 - INFO - Script ECI.py completed successfully with args: ('EN51', 'Master of Sustainable Infrastructure')
2025-05-08 01:26:37,834 - INFO - Processing course 198/256: EN52 - Master of Robotics and Artificial Intelligence
2025-05-08 01:26:42,542 - INFO - Script ECI.py completed successfully with args: ('EN52', 'Master of Robotics and Artificial Intelligence')
2025-05-08 01:26:42,542 - INFO - Processing course 199/256: EN53 - Master of Renewable Energy
2025-05-08 01:26:46,442 - INFO - Script ECI.py completed successfully with args: ('EN53', 'Master of Renewable Energy')
2025-05-08 01:26:46,443 - INFO - Processing course 200/256: EN54 - Master of Advanced Manufacturing
2025-05-08 01:26:51,050 - INFO - Script ECI.py completed successfully with args: ('EN54', 'Master of Advanced Manufacturing')
2025-05-08 01:26:51,050 - INFO - Processing course 201/256: EN55 - Master of Professional Engineering
2025-05-08 01:26:54,943 - INFO - Script ECI.py completed successfully with args: ('EN55', 'Master of Professional Engineering')
2025-05-08 01:26:54,944 - INFO - Processing course 202/256: EN56 - Master of Engineering Technology
2025-05-08 01:26:59,320 - INFO - Script ECI.py completed successfully with args: ('EN56', 'Master of Engineering Technology')
2025-05-08 01:26:59,320 - INFO - Processing course 203/256: EN71 - Master of Sustainable Infrastructure with Project Management
2025-05-08 01:27:03,433 - INFO - Script ECI.py completed successfully with args: ('EN71', 'Master of Sustainable Infrastructure with Project Management')
2025-05-08 01:27:03,433 - INFO - Processing course 204/256: EN72 - Master of Advanced Robotics and Artificial Intelligence
2025-05-08 01:27:07,913 - INFO - Script ECI.py completed successfully with args: ('EN72', 'Master of Advanced Robotics and Artificial Intelligence')
2025-05-08 01:27:07,914 - INFO - Processing course 205/256: EN73 - Master of Renewable Energy with Project Management
2025-05-08 01:27:11,960 - INFO - Script ECI.py completed successfully with args: ('EN73', 'Master of Renewable Energy with Project Management')
2025-05-08 01:27:11,961 - INFO - Processing course 206/256: EN74 - Master of Advanced Manufacturing with Project Management
2025-05-08 01:27:16,392 - INFO - Script ECI.py completed successfully with args: ('EN74', 'Master of Advanced Manufacturing with Project Management')
2025-05-08 01:27:16,392 - INFO - Processing course 207/256: EN75 - Master of Sustainable Infrastructure with Data Analytics
2025-05-08 01:27:20,759 - INFO - Script ECI.py completed successfully with args: ('EN75', 'Master of Sustainable Infrastructure with Data Analytics')
2025-05-08 01:27:20,760 - INFO - Processing course 208/256: EN76 - Master of Renewable Energy with Data Analytics
2025-05-08 01:27:24,894 - INFO - Script ECI.py completed successfully with args: ('EN76', 'Master of Renewable Energy with Data Analytics')
2025-05-08 01:27:24,895 - INFO - Processing course 209/256: EN77 - Master of Advanced Manufacturing with Data Analytics
2025-05-08 01:27:29,620 - INFO - Script ECI.py completed successfully with args: ('EN77', 'Master of Advanced Manufacturing with Data Analytics')
2025-05-08 01:27:29,620 - INFO - Processing course 210/256: EQ71 - Master of Education
2025-05-08 01:27:33,366 - INFO - Script ECI.py completed successfully with args: ('EQ71', 'Master of Education')
2025-05-08 01:27:33,367 - INFO - Processing course 211/256: EU30 - Master of Teaching (Early Childhood)
2025-05-08 01:27:37,747 - INFO - Script ECI.py completed successfully with args: ('EU30', 'Master of Teaching (Early Childhood)')
2025-05-08 01:27:37,747 - INFO - Processing course 212/256: EU40 - Master of Teaching (Primary)
2025-05-08 01:27:42,231 - INFO - Script ECI.py completed successfully with args: ('EU40', 'Master of Teaching (Primary)')
2025-05-08 01:27:42,231 - INFO - Processing course 213/256: EU50 - Master of Teaching (Secondary)
2025-05-08 01:27:46,455 - INFO - Script ECI.py completed successfully with args: ('EU50', 'Master of Teaching (Secondary)')
2025-05-08 01:27:46,455 - INFO - Processing course 214/256: EU71 - Master of Education
2025-05-08 01:27:49,701 - INFO - Script ECI.py completed successfully with args: ('EU71', 'Master of Education')
2025-05-08 01:27:49,701 - INFO - Processing course 215/256: EU73 - Master of Education
2025-05-08 01:27:52,958 - INFO - Script ECI.py completed successfully with args: ('EU73', 'Master of Education')
2025-05-08 01:27:52,958 - INFO - Processing course 216/256: EZ71 - Master of Education
2025-05-08 01:27:56,120 - INFO - Script ECI.py completed successfully with args: ('EZ71', 'Master of Education')
2025-05-08 01:27:56,121 - INFO - Processing course 217/256: GS50 - Executive Master of Business Administration
2025-05-08 01:28:01,263 - INFO - Script ECI.py completed successfully with args: ('GS50', 'Executive Master of Business Administration')
2025-05-08 01:28:01,263 - INFO - Processing course 218/256: GS73 - Master of Business Administration
2025-05-08 01:28:03,750 - INFO - Script ECI.py completed successfully with args: ('GS73', 'Master of Business Administration')
2025-05-08 01:28:03,750 - INFO - Processing course 219/256: GS75 - Master of Business Administration
2025-05-08 01:28:06,248 - INFO - Script ECI.py completed successfully with args: ('GS75', 'Master of Business Administration')
2025-05-08 01:28:06,248 - INFO - Processing course 220/256: HQ11 - Master of Gerontology
2025-05-08 01:28:08,559 - INFO - Script ECI.py completed successfully with args: ('HQ11', 'Master of Gerontology')
2025-05-08 01:28:08,560 - INFO - Processing course 221/256: IN20 - Master of Information Technology
2025-05-08 01:28:12,590 - INFO - Script ECI.py completed successfully with args: ('IN20', 'Master of Information Technology')
2025-05-08 01:28:12,590 - INFO - Processing course 222/256: IN31 - Master of Data Science
2025-05-08 01:28:17,153 - INFO - Script ECI.py completed successfully with args: ('IN31', 'Master of Data Science')
2025-05-08 01:28:17,154 - INFO - Processing course 223/256: IQ20 - Master of Information Technology
2025-05-08 01:28:22,016 - INFO - Script ECI.py completed successfully with args: ('IQ20', 'Master of Information Technology')
2025-05-08 01:28:22,017 - INFO - Processing course 224/256: KC88 - Master of Digital Communication
2025-05-08 01:28:26,059 - INFO - Script ECI.py completed successfully with args: ('KC88', 'Master of Digital Communication')
2025-05-08 01:28:26,060 - INFO - Processing course 225/256: KQ89 - Master of Digital Communication
2025-05-08 01:28:29,487 - INFO - Script ECI.py completed successfully with args: ('KQ89', 'Master of Digital Communication')
2025-05-08 01:28:29,487 - INFO - Processing course 226/256: LS81 - Master of Diagnostic Genomics
2025-05-08 01:28:33,537 - INFO - Script ECI.py completed successfully with args: ('LS81', 'Master of Diagnostic Genomics')
2025-05-08 01:28:33,537 - INFO - Processing course 227/256: NS89 - Master of Nursing - Entry to Practice
2025-05-08 01:28:38,008 - INFO - Script ECI.py completed successfully with args: ('NS89', 'Master of Nursing - Entry to Practice')
2025-05-08 01:28:38,008 - INFO - Processing course 228/256: NS90 - Master of Nurse Practitioner
2025-05-08 01:28:41,773 - INFO - Script ECI.py completed successfully with args: ('NS90', 'Master of Nurse Practitioner')
2025-05-08 01:28:41,774 - INFO - Processing course 229/256: NS95 - Master of Nursing
2025-05-08 01:28:46,089 - INFO - Script ECI.py completed successfully with args: ('NS95', 'Master of Nursing')
2025-05-08 01:28:46,089 - INFO - Processing course 230/256: OP85 - Master of Optometry
2025-05-08 01:28:50,502 - INFO - Script ECI.py completed successfully with args: ('OP85', 'Master of Optometry')
2025-05-08 01:28:50,502 - INFO - Processing course 231/256: PH80 - Master of Applied Science
2025-05-08 01:28:52,773 - INFO - Script ECI.py completed successfully with args: ('PH80', 'Master of Applied Science')
2025-05-08 01:28:52,774 - INFO - Processing course 232/256: PM20 - Master of Project Management
2025-05-08 01:28:57,387 - INFO - Script ECI.py completed successfully with args: ('PM20', 'Master of Project Management')
2025-05-08 01:28:57,388 - INFO - Processing course 233/256: PQ20 - Master of Project Management
2025-05-08 01:29:01,265 - INFO - Script ECI.py completed successfully with args: ('PQ20', 'Master of Project Management')
2025-05-08 01:29:01,266 - INFO - Processing course 234/256: PQ87 - Master of Health Management and Leadership
2025-05-08 01:29:06,187 - INFO - Script ECI.py completed successfully with args: ('PQ87', 'Master of Health Management and Leadership')
2025-05-08 01:29:06,187 - INFO - Processing course 235/256: PU80 - Master of Health, Safety and Environment
2025-05-08 01:29:08,529 - INFO - Script ECI.py completed successfully with args: ('PU80', 'Master of Health, Safety and Environment')
2025-05-08 01:29:08,530 - INFO - Processing course 236/256: PU86 - Master of Public Health
2025-05-08 01:29:12,956 - INFO - Script ECI.py completed successfully with args: ('PU86', 'Master of Public Health')
2025-05-08 01:29:12,957 - INFO - Processing course 237/256: PU87 - Master of Health Management and Leadership
2025-05-08 01:29:16,716 - INFO - Script ECI.py completed successfully with args: ('PU87', 'Master of Health Management and Leadership')
2025-05-08 01:29:16,717 - INFO - Processing course 238/256: PY12 - Master of Counselling
2025-05-08 01:29:21,291 - INFO - Script ECI.py completed successfully with args: ('PY12', 'Master of Counselling')
2025-05-08 01:29:21,292 - INFO - Processing course 239/256: PY18 - Master of Clinical Psychology
2025-05-08 01:29:26,065 - INFO - Script ECI.py completed successfully with args: ('PY18', 'Master of Clinical Psychology')
2025-05-08 01:29:26,066 - INFO - Processing course 240/256: PY19 - Master of Psychology (Educational and Developmental)
2025-05-08 01:29:30,648 - INFO - Script ECI.py completed successfully with args: ('PY19', 'Master of Psychology (Educational and Developmental)')
2025-05-08 01:29:30,649 - INFO - Processing course 241/256: SW81 - Master of Social Work - Qualifying
2025-05-08 01:29:34,576 - INFO - Script ECI.py completed successfully with args: ('SW81', 'Master of Social Work - Qualifying')
2025-05-08 01:29:34,576 - INFO - Processing course 242/256: EN80 - Master of Engineering Management / Master of Engineering Technology
2025-05-08 01:29:36,907 - INFO - Script ECI.py completed successfully with args: ('EN80', 'Master of Engineering Management / Master of Engineering Technology')
2025-05-08 01:29:36,907 - INFO - Processing course 243/256: IF80 - Master of Philosophy
2025-05-08 01:29:41,465 - INFO - Script ECI.py completed successfully with args: ('IF80', 'Master of Philosophy')
2025-05-08 01:29:41,466 - INFO - Processing course 244/256: ED11 - Doctor of Education
2025-05-08 01:29:45,659 - INFO - Script ECI.py completed successfully with args: ('ED11', 'Doctor of Education')
2025-05-08 01:29:45,660 - INFO - Processing course 245/256: IF49 - Doctor of Philosophy
2025-05-08 01:29:49,941 - INFO - Script ECI.py completed successfully with args: ('IF49', 'Doctor of Philosophy')
2025-05-08 01:29:49,941 - INFO - Processing course 246/256: U022 - Certificate of Achievement
2025-05-08 01:29:52,253 - INFO - Script ECI.py completed successfully with args: ('U022', 'Certificate of Achievement')
2025-05-08 01:29:52,254 - INFO - Processing course 247/256: AB02 - Diploma in Architectural Studies
2025-05-08 01:29:56,619 - INFO - Script ECI.py completed successfully with args: ('AB02', 'Diploma in Architectural Studies')
2025-05-08 01:29:56,619 - INFO - Processing course 248/256: BS40 - Diploma in Business
2025-05-08 01:30:02,286 - INFO - Script ECI.py completed successfully with args: ('BS40', 'Diploma in Business')
2025-05-08 01:30:02,286 - INFO - Processing course 249/256: EE18 - Diploma in Entrepreneurship
2025-05-08 01:30:07,516 - INFO - Script ECI.py completed successfully with args: ('EE18', 'Diploma in Entrepreneurship')
2025-05-08 01:30:07,517 - INFO - Processing course 250/256: EN02 - Diploma in Engineering
2025-05-08 01:30:12,696 - INFO - Script ECI.py completed successfully with args: ('EN02', 'Diploma in Engineering')
2025-05-08 01:30:12,697 - INFO - Processing course 251/256: ES21 - Diploma in Esports
2025-05-08 01:30:17,861 - INFO - Script ECI.py completed successfully with args: ('ES21', 'Diploma in Esports')
2025-05-08 01:30:17,861 - INFO - Processing course 252/256: HL10 - Diploma in Health Science
2025-05-08 01:30:22,103 - INFO - Script ECI.py completed successfully with args: ('HL10', 'Diploma in Health Science')
2025-05-08 01:30:22,104 - INFO - Processing course 253/256: IF06 - Diploma in Creative Industries
2025-05-08 01:30:26,967 - INFO - Script ECI.py completed successfully with args: ('IF06', 'Diploma in Creative Industries')
2025-05-08 01:30:26,968 - INFO - Processing course 254/256: IT10 - Diploma in Information Technology
2025-05-08 01:30:32,387 - INFO - Script ECI.py completed successfully with args: ('IT10', 'Diploma in Information Technology')
2025-05-08 01:30:32,387 - INFO - Processing course 255/256: QC07 - Intensive Program
2025-05-08 01:30:36,901 - INFO - Script ECI.py completed successfully with args: ('QC07', 'Intensive Program')
2025-05-08 01:30:36,902 - INFO - Processing course 256/256: QC08 - Standard Foundation Program
2025-05-08 01:30:39,772 - INFO - Script ECI.py completed successfully with args: ('QC08', 'Standard Foundation Program')
2025-05-08 01:30:39,773 - INFO - Course processing completed. Successful: 256, Failed: 0
2025-05-08 01:30:39,775 - INFO - Course scraping process completed successfully
